# JRE version: 7.0_21-b02
# Java VM: OpenJDK Client VM (23.7-b01 mixed mode, sharing linux-x86 )
Heap
 def new generation   total 9792K, used 5132K [0x54580000, 0x55020000, 0x61620000)
  eden space 8704K,  55% used [0x54580000, 0x54a32980, 0x54e00000)
  from space 1088K,  29% used [0x54e00000, 0x54e50a40, 0x54f10000)
  to   space 1088K,   0% used [0x54f10000, 0x54f10000, 0x55020000)
 tenured generation   total 21888K, used 15839K [0x61620000, 0x62b80000, 0x7b780000)
   the space 21888K,  72% used [0x61620000, 0x62597cf0, 0x62597e00, 0x62b80000)
 compacting perm gen  total 32768K, used 6674K [0x7b780000, 0x7d780000, 0x93780000)
   the space 32768K,  20% used [0x7b780000, 0x7be04870, 0x7be04a00, 0x7d780000)
    ro space 10240K,  60% used [0x93780000, 0x93d928f0, 0x93d92a00, 0x94180000)
    rw space 12288K,  61% used [0x94180000, 0x948e8c88, 0x948e8e00, 0x94d80000)
GC Heap History (10 events):
Event: 1.068 GC heap before
{Heap before GC invocations=7 (full 0):
 def new generation   total 9792K, used 9580K [0x54580000, 0x55020000, 0x61620000)
  eden space 8704K,  98% used [0x54580000, 0x54de9040, 0x54e00000)
  from space 1088K,  89% used [0x54f10000, 0x550022b0, 0x55020000)
  to   space 1088K,   0% used [0x54e00000, 0x54e00000, 0x54f10000)
 tenured generation   total 21888K, used 10885K [0x61620000, 0x62b80000, 0x7b780000)
   the space 21888K,  49% used [0x61620000, 0x620c1500, 0x620c1600, 0x62b80000)
 compacting perm gen  total 32768K, used 3192K [0x7b780000, 0x7d780000, 0x93780000)
   the space 32768K,   9% used [0x7b780000, 0x7ba9e180, 0x7ba9e200, 0x7d780000)
    ro space 10240K,  60% used [0x93780000, 0x93d928f0, 0x93d92a00, 0x94180000)
    rw space 12288K,  61% used [0x94180000, 0x948e8c88, 0x948e8e00, 0x94d80000)
Event: 1.071 GC heap after
Heap after GC invocations=8 (full 0):
 def new generation   total 9792K, used 367K [0x54580000, 0x55020000, 0x61620000)
  eden space 8704K,   0% used [0x54580000, 0x54580000, 0x54e00000)
  from space 1088K,  33% used [0x54e00000, 0x54e5bcb0, 0x54f10000)
  to   space 1088K,   0% used [0x54f10000, 0x54f10000, 0x55020000)
 tenured generation   total 21888K, used 11849K [0x61620000, 0x62b80000, 0x7b780000)
   the space 21888K,  54% used [0x61620000, 0x621b2620, 0x621b2800, 0x62b80000)
 compacting perm gen  total 32768K, used 3192K [0x7b780000, 0x7d780000, 0x93780000)
   the space 32768K,   9% used [0x7b780000, 0x7ba9e180, 0x7ba9e200, 0x7d780000)
    ro space 10240K,  60% used [0x93780000, 0x93d928f0, 0x93d92a00, 0x94180000)
    rw space 12288K,  61% used [0x94180000, 0x948e8c88, 0x948e8e00, 0x94d80000)
}
Event: 1.121 GC heap before
{Heap before GC invocations=8 (full 0):
 def new generation   total 9792K, used 9071K [0x54580000, 0x55020000, 0x61620000)
  eden space 8704K, 100% used [0x54580000, 0x54e00000, 0x54e00000)
  from space 1088K,  33% used [0x54e00000, 0x54e5bcb0, 0x54f10000)
  to   space 1088K,   0% used [0x54f10000, 0x54f10000, 0x55020000)
 tenured generation   total 21888K, used 11849K [0x61620000, 0x62b80000, 0x7b780000)
   the space 21888K,  54% used [0x61620000, 0x621b2620, 0x621b2800, 0x62b80000)
 compacting perm gen  total 32768K, used 3442K [0x7b780000, 0x7d780000, 0x93780000)
   the space 32768K,  10% used [0x7b780000, 0x7badcbb8, 0x7badcc00, 0x7d780000)
    ro space 10240K,  60% used [0x93780000, 0x93d928f0, 0x93d92a00, 0x94180000)
    rw space 12288K,  61% used [0x94180000, 0x948e8c88, 0x948e8e00, 0x94d80000)
Event: 1.125 GC heap after
Heap after GC invocations=9 (full 0):
 def new generation   total 9792K, used 1088K [0x54580000, 0x55020000, 0x61620000)
  eden space 8704K,   0% used [0x54580000, 0x54580000, 0x54e00000)
  from space 1088K, 100% used [0x54f10000, 0x55020000, 0x55020000)
  to   space 1088K,   0% used [0x54e00000, 0x54e00000, 0x54f10000)
 tenured generation   total 21888K, used 12191K [0x61620000, 0x62b80000, 0x7b780000)
   the space 21888K,  55% used [0x61620000, 0x62207ee8, 0x62208000, 0x62b80000)
 compacting perm gen  total 32768K, used 3442K [0x7b780000, 0x7d780000, 0x93780000)
   the space 32768K,  10% used [0x7b780000, 0x7badcbb8, 0x7badcc00, 0x7d780000)
    ro space 10240K,  60% used [0x93780000, 0x93d928f0, 0x93d92a00, 0x94180000)
    rw space 12288K,  61% used [0x94180000, 0x948e8c88, 0x948e8e00, 0x94d80000)
}
Event: 1.167 GC heap before
{Heap before GC invocations=9 (full 0):
 def new generation   total 9792K, used 9792K [0x54580000, 0x55020000, 0x61620000)
  eden space 8704K, 100% used [0x54580000, 0x54e00000, 0x54e00000)
  from space 1088K, 100% used [0x54f10000, 0x55020000, 0x55020000)
  to   space 1088K,   0% used [0x54e00000, 0x54e00000, 0x54f10000)
 tenured generation   total 21888K, used 12191K [0x61620000, 0x62b80000, 0x7b780000)
   the space 21888K,  55% used [0x61620000, 0x62207ee8, 0x62208000, 0x62b80000)
 compacting perm gen  total 32768K, used 3676K [0x7b780000, 0x7d780000, 0x93780000)
   the space 32768K,  11% used [0x7b780000, 0x7bb17180, 0x7bb17200, 0x7d780000)
    ro space 10240K,  60% used [0x93780000, 0x93d928f0, 0x93d92a00, 0x94180000)
    rw space 12288K,  61% used [0x94180000, 0x948e8c88, 0x948e8e00, 0x94d80000)
Event: 1.173 GC heap after
Heap after GC invocations=10 (full 0):
 def new generation   total 9792K, used 1088K [0x54580000, 0x55020000, 0x61620000)
  eden space 8704K,   0% used [0x54580000, 0x54580000, 0x54e00000)
  from space 1088K, 100% used [0x54e00000, 0x54f10000, 0x54f10000)
  to   space 1088K,   0% used [0x54f10000, 0x54f10000, 0x55020000)
 tenured generation   total 21888K, used 13489K [0x61620000, 0x62b80000, 0x7b780000)
   the space 21888K,  61% used [0x61620000, 0x6234c7d8, 0x6234c800, 0x62b80000)
 compacting perm gen  total 32768K, used 3676K [0x7b780000, 0x7d780000, 0x93780000)
   the space 32768K,  11% used [0x7b780000, 0x7bb17180, 0x7bb17200, 0x7d780000)
    ro space 10240K,  60% used [0x93780000, 0x93d928f0, 0x93d92a00, 0x94180000)
    rw space 12288K,  61% used [0x94180000, 0x948e8c88, 0x948e8e00, 0x94d80000)
}
Event: 1.321 GC heap before
{Heap before GC invocations=10 (full 0):
 def new generation   total 9792K, used 9792K [0x54580000, 0x55020000, 0x61620000)
  eden space 8704K, 100% used [0x54580000, 0x54e00000, 0x54e00000)
  from space 1088K, 100% used [0x54e00000, 0x54f10000, 0x54f10000)
  to   space 1088K,   0% used [0x54f10000, 0x54f10000, 0x55020000)
 tenured generation   total 21888K, used 13489K [0x61620000, 0x62b80000, 0x7b780000)
   the space 21888K,  61% used [0x61620000, 0x6234c7d8, 0x6234c800, 0x62b80000)
 compacting perm gen  total 32768K, used 5279K [0x7b780000, 0x7d780000, 0x93780000)
   the space 32768K,  16% used [0x7b780000, 0x7bca7d18, 0x7bca7e00, 0x7d780000)
    ro space 10240K,  60% used [0x93780000, 0x93d928f0, 0x93d92a00, 0x94180000)
    rw space 12288K,  61% used [0x94180000, 0x948e8c88, 0x948e8e00, 0x94d80000)
Event: 1.328 GC heap after
Heap after GC invocations=11 (full 0):
 def new generation   total 9792K, used 1088K [0x54580000, 0x55020000, 0x61620000)
  eden space 8704K,   0% used [0x54580000, 0x54580000, 0x54e00000)
  from space 1088K, 100% used [0x54f10000, 0x55020000, 0x55020000)
  to   space 1088K,   0% used [0x54e00000, 0x54e00000, 0x54f10000)
 tenured generation   total 21888K, used 14768K [0x61620000, 0x62b80000, 0x7b780000)
   the space 21888K,  67% used [0x61620000, 0x6248c3a0, 0x6248c400, 0x62b80000)
 compacting perm gen  total 32768K, used 5279K [0x7b780000, 0x7d780000, 0x93780000)
   the space 32768K,  16% used [0x7b780000, 0x7bca7d18, 0x7bca7e00, 0x7d780000)
    ro space 10240K,  60% used [0x93780000, 0x93d928f0, 0x93d92a00, 0x94180000)
    rw space 12288K,  61% used [0x94180000, 0x948e8c88, 0x948e8e00, 0x94d80000)
}
Event: 1.358 GC heap before
{Heap before GC invocations=11 (full 0):
 def new generation   total 9792K, used 9792K [0x54580000, 0x55020000, 0x61620000)
  eden space 8704K, 100% used [0x54580000, 0x54e00000, 0x54e00000)
  from space 1088K, 100% used [0x54f10000, 0x55020000, 0x55020000)
  to   space 1088K,   0% used [0x54e00000, 0x54e00000, 0x54f10000)
 tenured generation   total 21888K, used 14768K [0x61620000, 0x62b80000, 0x7b780000)
   the space 21888K,  67% used [0x61620000, 0x6248c3a0, 0x6248c400, 0x62b80000)
 compacting perm gen  total 32768K, used 5391K [0x7b780000, 0x7d780000, 0x93780000)
   the space 32768K,  16% used [0x7b780000, 0x7bcc3eb0, 0x7bcc4000, 0x7d780000)
    ro space 10240K,  60% used [0x93780000, 0x93d928f0, 0x93d92a00, 0x94180000)
    rw space 12288K,  61% used [0x94180000, 0x948e8c88, 0x948e8e00, 0x94d80000)
Event: 1.362 GC heap after
Heap after GC invocations=12 (full 0):
 def new generation   total 9792K, used 322K [0x54580000, 0x55020000, 0x61620000)
  eden space 8704K,   0% used [0x54580000, 0x54580000, 0x54e00000)
  from space 1088K,  29% used [0x54e00000, 0x54e50a40, 0x54f10000)
  to   space 1088K,   0% used [0x54f10000, 0x54f10000, 0x55020000)
 tenured generation   total 21888K, used 15839K [0x61620000, 0x62b80000, 0x7b780000)
   the space 21888K,  72% used [0x61620000, 0x62597cf0, 0x62597e00, 0x62b80000)
 compacting perm gen  total 32768K, used 5391K [0x7b780000, 0x7d780000, 0x93780000)
   the space 32768K,  16% used [0x7b780000, 0x7bcc3eb0, 0x7bcc4000, 0x7d780000)
    ro space 10240K,  60% used [0x93780000, 0x93d928f0, 0x93d92a00, 0x94180000)
    rw space 12288K,  61% used [0x94180000, 0x948e8c88, 0x948e8e00, 0x94d80000)
}

